http://init-p01st.push.apple.com/bag 64:20:0c:7c:8d:3c
http://gsp1.apple.com/pep/gcc 64:20:0c:7c:8d:3c
http://fonts.googleapis.com/css? 64:20:0c:7c:8d:3c
http://static.olark.com/jsclient/loader0.js 64:20:0c:7c:8d:3c
http://www.google-analytics.com/ga.js 64:20:0c:7c:8d:3c
http://static.olark.com/a/assets/v0/site/6224-963-10-1019.js? 64:20:0c:7c:8d:3c
http://static.olark.com/jsclient-bucket3/application2.js? 64:20:0c:7c:8d:3c
http://configuration.apple.com/configurations/pep/pipeline/pipeline0.html 64:20:0c:7c:8d:3c
http://static.olark.com/jsclient-bucket3/plugins/sounds.js? 64:20:0c:7c:8d:3c
http://configuration.apple.com/configurations/pep/pipeline/pipeline1.html 64:20:0c:7c:8d:3c
http://341-events.olark.com/nrpc/c? 64:20:0c:7c:8d:3c
http://configuration.apple.com/configurations/pep/pipeline/pipeline2.html 64:20:0c:7c:8d:3c
http://configuration.apple.com/configurations/pep/pipeline/pipeline3.html 64:20:0c:7c:8d:3c
http://configuration.apple.com/configurations/pep/pipeline/pipeline0.html 64:20:0c:7c:8d:3c
http://configuration.apple.com/configurations/pep/pipeline/pipeline1.html 64:20:0c:7c:8d:3c
http://configuration.apple.com/configurations/pep/pipeline/pipeline2.html 64:20:0c:7c:8d:3c
http://configuration.apple.com/configurations/pep/pipeline/pipeline3.html 64:20:0c:7c:8d:3c
http://static.olark.com/sounds/monopop.mp3 64:20:0c:7c:8d:3c
http://341-events.olark.com/nrpc/s? 64:20:0c:7c:8d:3c
http://static.olark.com/sounds/monopop.mp3 64:20:0c:7c:8d:3c
http://341-events.olark.com/nrpc/s? 64:20:0c:7c:8d:3c
http://341-events.olark.com/nrpc/s? 64:20:0c:7c:8d:3c
http://configuration.apple.com/configurations/pep/pipeline/pipeline0.html 64:20:0c:7c:8d:3c
http://configuration.apple.com/configurations/pep/pipeline/pipeline1.html 64:20:0c:7c:8d:3c
http://configuration.apple.com/configurations/pep/pipeline/pipeline2.html 64:20:0c:7c:8d:3c
http://configuration.apple.com/configurations/pep/pipeline/pipeline3.html 64:20:0c:7c:8d:3c
http://341-events.olark.com/nrpc/p? 64:20:0c:7c:8d:3c
http://341-events.olark.com/nrpc/p? 64:20:0c:7c:8d:3c
http://341-events.olark.com/nrpc/p? 64:20:0c:7c:8d:3c
http://341-events.olark.com/nrpc/p? 64:20:0c:7c:8d:3c
http://341-events.olark.com/nrpc/p? 64:20:0c:7c:8d:3c
http://341-events.olark.com/nrpc/p? 64:20:0c:7c:8d:3c
http://592-events.olark.com/nrpc/p? d0:df:9a:86:23:83
http://592-events.olark.com/nrpc/p? d0:df:9a:86:23:83
http://592-events.olark.com/nrpc/n? d0:df:9a:86:23:83
http://592-events.olark.com/nrpc/n? d0:df:9a:86:23:83
http://341-events.olark.com/nrpc/p? 64:20:0c:7c:8d:3c
http://configuration.apple.com/configurations/pep/pipeline/pipeline0.html 64:20:0c:7c:8d:3c
http://configuration.apple.com/configurations/pep/pipeline/pipeline1.html 64:20:0c:7c:8d:3c
http://341-events.olark.com/nrpc/s? 64:20:0c:7c:8d:3c
http://configuration.apple.com/configurations/pep/pipeline/pipeline2.html 64:20:0c:7c:8d:3c
http://configuration.apple.com/configurations/pep/pipeline/pipeline3.html 64:20:0c:7c:8d:3c
http://341-events.olark.com/nrpc/p? 64:20:0c:7c:8d:3c
http://341-events.olark.com/nrpc/p? 64:20:0c:7c:8d:3c
http://341-events.olark.com/nrpc/p? 64:20:0c:7c:8d:3c
http://341-events.olark.com/nrpc/p? 64:20:0c:7c:8d:3c
http://341-events.olark.com/nrpc/p? 64:20:0c:7c:8d:3c
http://apps-n-downloads.info/get/? d0:df:9a:86:23:83
http://341-events.olark.com/nrpc/p? 64:20:0c:7c:8d:3c
http://341-events.olark.com/nrpc/p? 64:20:0c:7c:8d:3c
http://341-events.olark.com/nrpc/p? 64:20:0c:7c:8d:3c
http://341-events.olark.com/nrpc/p? 64:20:0c:7c:8d:3c
http://341-events.olark.com/nrpc/p? 64:20:0c:7c:8d:3c
http://341-events.olark.com/nrpc/p? 64:20:0c:7c:8d:3c
http://341-events.olark.com/nrpc/p? 64:20:0c:7c:8d:3c
http://341-events.olark.com/nrpc/s? 64:20:0c:7c:8d:3c
http://341-events.olark.com/nrpc/p? 64:20:0c:7c:8d:3c
http://341-events.olark.com/nrpc/p? 64:20:0c:7c:8d:3c
http://341-events.olark.com/nrpc/p? 64:20:0c:7c:8d:3c
http://341-events.olark.com/nrpc/p? 64:20:0c:7c:8d:3c
http://341-events.olark.com/nrpc/p? 64:20:0c:7c:8d:3c
http://api.bing.com/qsml.aspx? d0:df:9a:86:23:83
http://api.bing.com/qsml.aspx? d0:df:9a:86:23:83
http://341-events.olark.com/nrpc/p? 64:20:0c:7c:8d:3c
http://api.bing.com/qsml.aspx? d0:df:9a:86:23:83
http://api.bing.com/qsml.aspx? d0:df:9a:86:23:83
http://api.bing.com/qsml.aspx? d0:df:9a:86:23:83
http://api.bing.com/qsml.aspx? d0:df:9a:86:23:83
http://extfeed.net/30e0b54064.js d0:df:9a:86:23:83
http://www.superfish.com/ws/sf_main.jsp? d0:df:9a:86:23:83
http://asrv-a.akamaihd.net/sd/1017/1005.js d0:df:9a:86:23:83
http://static.olark.com/jsclient/loader0.js d0:df:9a:86:23:83
http://d1qqddufal4d58.cloudfront.net/scripts/contextualjs/v2/ctxjs.js? d0:df:9a:86:23:83
http://cdncache-a.akamaihd.net/loaders/1500/l.js? d0:df:9a:86:23:83
http://cdncache-a.akamaihd.net/loaders/1399/l.js? d0:df:9a:86:23:83
http://341-events.olark.com/nrpc/p? 64:20:0c:7c:8d:3c
http://static.olark.com/a/assets/v0/site/6224-963-10-1019.js? d0:df:9a:86:23:83
http://istatic.datafastguru.info/fo/min/wpb.js? d0:df:9a:86:23:83
http://istatic.datafastguru.info/fo/min/wp.js? d0:df:9a:86:23:83
http://www.google-analytics.com/ga.js d0:df:9a:86:23:83
http://cdncache-a.akamaihd.net/loaders/icp d0:df:9a:86:23:83
http://mnb.medreleief.com/affs? d0:df:9a:86:23:83
http://static.olark.com/jsclient-bucket3/application2.js? d0:df:9a:86:23:83
http://739-events.olark.com/nrpc/c? d0:df:9a:86:23:83
http://luu.lightquartrate.com/sd/apps/griddy/griddy-1.3.6.5.am.7.1-xim.dbl-nodblontop-wp.fh.js d0:df:9a:86:23:83
http://static.olark.com/jsclient-bucket3/plugins/sounds.js? d0:df:9a:86:23:83
http://cdn.visadd.com/script/14567725798/preload.js d0:df:9a:86:23:83
http://341-events.olark.com/nrpc/p? 64:20:0c:7c:8d:3c
http://canvasdp-a.akamaihd.net/s.gif? d0:df:9a:86:23:83
http://d2.display-trk.com/? d0:df:9a:86:23:83
http://cdncache-a.akamaihd.net/js/87d6e25646f636f6e616e6/r.js d0:df:9a:86:23:83
http://d2.display-trk.com/? d0:df:9a:86:23:83
http://canvasdp-a.akamaihd.net/s.gif? d0:df:9a:86:23:83
http://d.display-trk.com/? d0:df:9a:86:23:83
http://cdncache-a.akamaihd.net/items/it/js/itn.js d0:df:9a:86:23:83
http://cdncache-a.akamaihd.net/items/z7b85/js/z7b85.js d0:df:9a:86:23:83
http://luu.lightquartrate.com/sd/apps/cm-2.0.html? d0:df:9a:86:23:83
http://canvaspl-a.akamaihd.net/s.gif? d0:df:9a:86:23:83
http://ib.adnxs.com/tt? d0:df:9a:86:23:83
http://notify2.dropbox.com/subscribe? d0:df:9a:86:23:83
http://a.visadd.com/script/layer? d0:df:9a:86:23:83
http://341-events.olark.com/nrpc/p? 64:20:0c:7c:8d:3c
http://luu.lightquartrate.com/sd/apps/admarking/s-generic-icon.png d0:df:9a:86:23:83
http://p.display-trk.com/pops? d0:df:9a:86:23:83
http://a.visadd.com/script/layer/serve? d0:df:9a:86:23:83
http://capp.datafastguru.info/api/count/coupons? d0:df:9a:86:23:83
http://i.display-trk.com/kwd? d0:df:9a:86:23:83
http://ib.adnxs.com/ttj? d0:df:9a:86:23:83
http://ib.adnxs.com/tt? d0:df:9a:86:23:83
http://cas.criteo.com/delivery/ajs.php? d0:df:9a:86:23:83
http://ib.adnxs.com/tt? d0:df:9a:86:23:83
http://capp.datafastguru.info/api/count/coupons? d0:df:9a:86:23:83
http://a.visadd.com/internal/serve? d0:df:9a:86:23:83
http://lax1.ib.adnxs.com/if? d0:df:9a:86:23:83
http://sync.mathtag.com/sync/img? d0:df:9a:86:23:83
http://cas.ny.us.criteo.com/delivery/lg.php? d0:df:9a:86:23:83
http://app.datafastguru.info/a/usr/l.gif? d0:df:9a:86:23:83
http://dis.ny.us.criteo.com/rex/match.aspx? d0:df:9a:86:23:83
http://cdncache-a.akamaihd.net/loaders/1399/l.js? d0:df:9a:86:23:83
http://cdncache-a.akamaihd.net/loaders/1500/l.js? d0:df:9a:86:23:83
http://extfeed.net/30e0b54064.js d0:df:9a:86:23:83
http://extfeed.net/ad/report/? d0:df:9a:86:23:83
http://extfeed.net/optout-params? d0:df:9a:86:23:83
http://ib.adnxs.com/ttj? d0:df:9a:86:23:83
http://ib.adnxs.com/ttj? d0:df:9a:86:23:83
http://341-events.olark.com/nrpc/p? 64:20:0c:7c:8d:3c
http://739-events.olark.com/nrpc/s? d0:df:9a:86:23:83
http://739-events.olark.com/nrpc/s? d0:df:9a:86:23:83
http://cdncache-a.akamaihd.net/loaders/1500/l.js? d0:df:9a:86:23:83
http://cdncache-a.akamaihd.net/loaders/1399/l.js? d0:df:9a:86:23:83
http://api.nanigans.com/fbx_nosync.php d0:df:9a:86:23:83
http://capp.datafastguru.info/api/count/coupons? d0:df:9a:86:23:83
http://configuration.apple.com/configurations/pep/pipeline/pipeline0.html 64:20:0c:7c:8d:3c
http://configuration.apple.com/configurations/pep/pipeline/pipeline1.html 64:20:0c:7c:8d:3c
http://configuration.apple.com/configurations/pep/pipeline/pipeline2.html 64:20:0c:7c:8d:3c
http://configuration.apple.com/configurations/pep/pipeline/pipeline3.html 64:20:0c:7c:8d:3c
http://configuration.apple.com/configurations/pep/pipeline/pipeline0.html 64:20:0c:7c:8d:3c
http://configuration.apple.com/configurations/pep/pipeline/pipeline1.html 64:20:0c:7c:8d:3c
http://configuration.apple.com/configurations/pep/pipeline/pipeline2.html 64:20:0c:7c:8d:3c
http://configuration.apple.com/configurations/pep/pipeline/pipeline3.html 64:20:0c:7c:8d:3c
http://configuration.apple.com/configurations/pep/pipeline/pipeline0.html 64:20:0c:7c:8d:3c
http://configuration.apple.com/configurations/pep/pipeline/pipeline1.html 64:20:0c:7c:8d:3c
http://configuration.apple.com/configurations/pep/pipeline/pipeline2.html 64:20:0c:7c:8d:3c
http://configuration.apple.com/configurations/pep/pipeline/pipeline3.html 64:20:0c:7c:8d:3c
http://pstatic.datafastguru.info/fo/ecom/lang.js? d0:df:9a:86:23:83
http://pstatic.datafastguru.info/if/UserData.html d0:df:9a:86:23:83
http://store.nike.com/common/content/endpoint.html 64:20:0c:7c:8d:3c
http://configuration.apple.com/configurations/pep/pipeline/pipeline0.html 64:20:0c:7c:8d:3c
http://configuration.apple.com/configurations/pep/pipeline/pipeline1.html 64:20:0c:7c:8d:3c
http://configuration.apple.com/configurations/pep/pipeline/pipeline2.html 64:20:0c:7c:8d:3c
http://configuration.apple.com/configurations/pep/pipeline/pipeline3.html 64:20:0c:7c:8d:3c
http://capp.datafastguru.info/api/count/coupons? d0:df:9a:86:23:83
http://configuration.apple.com/configurations/pep/pipeline/pipeline0.html 64:20:0c:7c:8d:3c
http://configuration.apple.com/configurations/pep/pipeline/pipeline1.html 64:20:0c:7c:8d:3c
http://configuration.apple.com/configurations/pep/pipeline/pipeline2.html 64:20:0c:7c:8d:3c
http://configuration.apple.com/configurations/pep/pipeline/pipeline3.html 64:20:0c:7c:8d:3c
http://store.nike.com/nikestore/html/services/trackingConfig? 64:20:0c:7c:8d:3c
http://platform.twitter.com/widgets/follow_button.1408655446.html 64:20:0c:7c:8d:3c
http://configuration.apple.com/configurations/pep/pipeline/pipeline0.html 64:20:0c:7c:8d:3c
http://configuration.apple.com/configurations/pep/pipeline/pipeline1.html 64:20:0c:7c:8d:3c
http://configuration.apple.com/configurations/pep/pipeline/pipeline2.html 64:20:0c:7c:8d:3c
http://configuration.apple.com/configurations/pep/pipeline/pipeline3.html 64:20:0c:7c:8d:3c
http://configuration.apple.com/configurations/pep/pipeline/pipeline0.html 64:20:0c:7c:8d:3c
http://configuration.apple.com/configurations/pep/pipeline/pipeline1.html 64:20:0c:7c:8d:3c
http://configuration.apple.com/configurations/pep/pipeline/pipeline2.html 64:20:0c:7c:8d:3c
http://configuration.apple.com/configurations/pep/pipeline/pipeline3.html 64:20:0c:7c:8d:3c
http://platform.twitter.com/widgets/hub.html 64:20:0c:7c:8d:3c
http://configuration.apple.com/configurations/pep/pipeline/pipeline0.html 64:20:0c:7c:8d:3c
http://configuration.apple.com/configurations/pep/pipeline/pipeline1.html 64:20:0c:7c:8d:3c
http://configuration.apple.com/configurations/pep/pipeline/pipeline2.html 64:20:0c:7c:8d:3c
http://configuration.apple.com/configurations/pep/pipeline/pipeline3.html 64:20:0c:7c:8d:3c
http://configuration.apple.com/configurations/pep/pipeline/pipeline0.html 64:20:0c:7c:8d:3c
http://configuration.apple.com/configurations/pep/pipeline/pipeline1.html 64:20:0c:7c:8d:3c
http://configuration.apple.com/configurations/pep/pipeline/pipeline2.html 64:20:0c:7c:8d:3c
http://configuration.apple.com/configurations/pep/pipeline/pipeline3.html 64:20:0c:7c:8d:3c
http://configuration.apple.com/configurations/pep/pipeline/pipeline0.html 64:20:0c:7c:8d:3c
http://configuration.apple.com/configurations/pep/pipeline/pipeline1.html 64:20:0c:7c:8d:3c
http://configuration.apple.com/configurations/pep/pipeline/pipeline2.html 64:20:0c:7c:8d:3c
http://configuration.apple.com/configurations/pep/pipeline/pipeline3.html 64:20:0c:7c:8d:3c
http://capp.datafastguru.info/api/search? d0:df:9a:86:23:83
http://app.datafastguru.info/o/1234/eyJrd2MiOlt7InciOiJ0aGUiLCJjIjoxfSx7InciOiJib2R5IiwiYyI6MX0seyJ3IjoibmF0dXJhbCIsImMiOjF9LHsidyI6Imluc3BpcmVkIiwiYyI6MX0seyJ3IjoiYnkiLCJjIjoxfSx7InciOiJuYXR1cmUiLCJjIjoxfSx7InciOiJldGhpY2FsbHkiLCJjIjoxfSx7InciOiJwcm9kdWNlZCIsImMiOjF9LHsidyI6ImJlYXV0eSIsImMiOjF9LHsidyI6InByb2R1Y3RzIiwiYyI6MX0seyJ3IjoiZW50ZXIiLCJjIjoxfSx7InciOiJ5b3VyIiwiYyI6MX0seyJ3IjoiYWRkcmVzcyIsImMiOjF9LHsidyI6ImZvciIsImMiOjF9LHsidyI6InVwZGF0ZXMiLCJjIjoxfSx7InciOiIxIiwiYyI6MX1dLCJ0IjoidGhlIGJvZHkgbmF0dXJhbCBpbnNwaXJlZCBieSBuYXR1cmUgZXRoaWNhbGx5IHByb2R1Y2VkIGJlYXV0eSBwcm9kdWN0cyBlbnRlciB5b3VyIGFkZHJlc3MgZm9yIHVwZGF0ZXMgMSIsInAiOiIwIiwiY2xpZW50UHJpY2UiOjAsInMiOiJ3d3cudGhlYm9keXNob3AtdXNhLmNvbSJ9? d0:df:9a:86:23:83
http://739-events.olark.com/nrpc/p? d0:df:9a:86:23:83
http://cdncache-a.akamaihd.net/loaders/1500/l.js? d0:df:9a:86:23:83
http://cdncache-a.akamaihd.net/loaders/1399/l.js? d0:df:9a:86:23:83
http://739-events.olark.com/nrpc/s? d0:df:9a:86:23:83
http://es-us.puma.com/ 64:20:0c:7c:8d:3c
http://es-us.puma.com/sddemandware/dedgesuite/aate_prd/on/demandware.static/Sites-US-Site/-/es_US/v1408726574936/css/compiled/bootstrap.all.css 64:20:0c:7c:8d:3c
http://demandware.edgesuite.net/aate_prd/on/demandware.static/Sites-US-Site/-/es_US/v1408726574936/js/lib/modernizr/modernizr.min.js 64:20:0c:7c:8d:3c
http://demandware.edgesuite.net/aate_prd/on/demandware.static/Sites-US-Site/-/es_US/v1408726574936/internal/jscript/dwac-13.2.js 64:20:0c:7c:8d:3c
http://demandware.edgesuite.net/aate_prd/on/demandware.static/Sites-US-Site/-/es_US/v1408726574936/js/lib/underscore/underscore-1.5.2.min.js 64:20:0c:7c:8d:3c
http://demandware.edgesuite.net/aate_prd/on/demandware.static/Sites-US-Site/-/es_US/v1408726574936/js/sr_app.js 64:20:0c:7c:8d:3c
http://demandware.edgesuite.net/aate_prd/on/demandware.static/Sites-US-Site/-/es_US/v1408726574936/internal/jscript/dwanalytics.js 64:20:0c:7c:8d:3c
http://es-us.puma.com/on/demandware.static/Sites-US-Site/-/es_US/v1408726574936/css/fonts.css 64:20:0c:7c:8d:3c
http://demandware.edgesuite.net/aate_prd/on/demandware.static/Sites-US-Site/-/es_US/v1408726574936/js/lib/jquery/jquery-2.0.3.min.js 64:20:0c:7c:8d:3c
http://demandware.edgesuite.net/aate_prd/on/demandware.static/Sites-US-Site/-/es_US/v1408726574936/js/pna-s_code_v14.js 64:20:0c:7c:8d:3c
http://es-us.puma.com/sddemandware/dedgesuite/aate_prd/on/demandware.static/Sites-US-Site/-/es_US/v1408726574936/css/compiled/print.css 64:20:0c:7c:8d:3c
http://es-us.puma.com/on/demandware.static/Sites-US-Site/-/es_US/v1408726574936/css/compiled/lib/bootstrap/glyphicons-font.css 64:20:0c:7c:8d:3c
http://demandware.edgesuite.net/aate_prd/on/demandware.static/Sites-US-Site/Sites-pu-na/es_US/v1408726574936/nav-sports-menu/soccer.png 64:20:0c:7c:8d:3c
http://demandware.edgesuite.net/aate_prd/on/demandware.static/Sites-US-Site/Sites-pu-na/es_US/v1408726574936/nav-sports-menu/running.png 64:20:0c:7c:8d:3c
http://demandware.edgesuite.net/aate_prd/on/demandware.static/Sites-US-Site/Sites-pu-na/es_US/v1408726574936/nav-sports-menu/Dortmund.png 64:20:0c:7c:8d:3c
http://pumaecom.scene7.com/is/image/PUMAECOM/PNA_home_hero_evospeed_UPDATE? 64:20:0c:7c:8d:3c
http://demandware.edgesuite.net/aate_prd/on/demandware.static/Sites-US-Site/Sites-pu-na/es_US/v1408726574936/nav-sports-menu/Arsenal.png 64:20:0c:7c:8d:3c
http://pumaecom.scene7.com/is/image/PUMAECOM/PNA_home_hero_81414_arsenal_forever-2? 64:20:0c:7c:8d:3c
http://configuration.apple.com/configurations/pep/pipeline/pipeline0.html 64:20:0c:7c:8d:3c
http://pumaecom.scene7.com/is/image/PUMAECOM/PNA_home_73114_bolt? 64:20:0c:7c:8d:3c
http://pumaecom.scene7.com/is/image/PUMAECOM/PNA_home_hero_fuel_UPDATE? 64:20:0c:7c:8d:3c
http://demandware.edgesuite.net/aate_prd/on/demandware.static/Sites-US-Site/Sites-pu-na/es_US/v1408726574936/nav-sports-menu/Italia.png 64:20:0c:7c:8d:3c
http://demandware.edgesuite.net/aate_prd/on/demandware.static/Sites-US-Site/Sites-pu-na/es_US/v1408726574936/nav-sports-menu/8-5-Clowney_nav.png 64:20:0c:7c:8d:3c
http://es-us.puma.com/sddemandware/dedgesuite/aate_prd/on/demandware.static/Sites-US-Site/-/es_US/v1408726574936/css/compiled/style.css 64:20:0c:7c:8d:3c
http://demandware.edgesuite.net/aate_prd/on/demandware.static/Sites-US-Site/Sites-pu-na/es_US/v1408726574936/nav-sports-menu/golf.png 64:20:0c:7c:8d:3c
http://demandware.edgesuite.net/aate_prd/on/demandware.static/Sites-US-Site/Sites-pu-na/es_US/v1408726574936/nav-sports-menu/aguero.png 64:20:0c:7c:8d:3c
http://demandware.edgesuite.net/aate_prd/on/demandware.static/Sites-US-Site/Sites-pu-na/es_US/v1408726574936/nav-sports-menu/fabregas.png 64:20:0c:7c:8d:3c
http://demandware.edgesuite.net/aate_prd/on/demandware.static/Sites-US-Site/Sites-pu-na/es_US/v1408726574936/nav-sports-menu/charles.png 64:20:0c:7c:8d:3c
http://configuration.apple.com/configurations/pep/pipeline/pipeline1.html 64:20:0c:7c:8d:3c
http://demandware.edgesuite.net/aate_prd/on/demandware.static/Sites-US-Site/Sites-pu-na/es_US/v1408726574936/nav-sports-menu/fowler.png 64:20:0c:7c:8d:3c
http://demandware.edgesuite.net/aate_prd/on/demandware.static/Sites-US-Site/Sites-pu-na/es_US/v1408726574936/nav-sports-menu/thompson.png 64:20:0c:7c:8d:3c
http://demandware.edgesuite.net/aate_prd/on/demandware.static/Sites-US-Site/Sites-pu-na/es_US/v1408726574936/nav-sports-menu/bolt.png 64:20:0c:7c:8d:3c
http://configuration.apple.com/configurations/pep/pipeline/pipeline2.html 64:20:0c:7c:8d:3c
http://739-events.olark.com/nrpc/p? d0:df:9a:86:23:83
http://739-events.olark.com/nrpc/p? d0:df:9a:86:23:83
http://log.olark.com/jslog/log.js? d0:df:9a:86:23:83
http://739-events.olark.com/nrpc/p? d0:df:9a:86:23:83
http://739-events.olark.com/nrpc/p? d0:df:9a:86:23:83
http://739-events.olark.com/nrpc/p? d0:df:9a:86:23:83
http://tools.google.com/service/update2? d0:df:9a:86:23:83
http://notify2.dropbox.com/subscribe? d0:df:9a:86:23:83
http://notify2.dropbox.com/subscribe? d0:df:9a:86:23:83
http://739-events.olark.com/nrpc/p? d0:df:9a:86:23:83
http://tools.google.com/service/update2? d0:df:9a:86:23:83
http://demandware.edgesuite.net/aate_prd/on/demandware.static/Sites-US-Site/Sites/es_US/v1408726574936/images/modules/trendingnow/PNA_trending_73114_bolt.jpg 64:20:0c:7c:8d:3c
http://demandware.edgesuite.net/aate_prd/on/demandware.static/Sites-US-Site/Sites/es_US/v1408726574936/images/modules/trendingnow/PNA_trending_8614_generic_suede.jpg 64:20:0c:7c:8d:3c
http://hello.myfonts.net/count/2b6ed2 64:20:0c:7c:8d:3c
http://demandware.edgesuite.net/aate_prd/on/demandware.static/Sites-US-Site/Sites-pu-na/es_US/v1408726574936/nav-sports-menu/patterson.png 64:20:0c:7c:8d:3c
http://demandware.edgesuite.net/aate_prd/on/demandware.static/Sites-US-Site/Sites-pu-na/es_US/v1408726574936/modules/shopby-32/PUM_Home-ShopBy_Women_32x32.png 64:20:0c:7c:8d:3c
http://es-us.puma.com/sddemandware/dedgesuite/aate_prd/on/demandware.static/Sites-US-Site/-/es_US/v1408726574936/certona/js/resxclsa.js 64:20:0c:7c:8d:3c
http://demandware.edgesuite.net/aate_prd/on/demandware.static/Sites-US-Site/Sites-pu-na/es_US/v1408726574936/nav-sports-menu/reus.png 64:20:0c:7c:8d:3c
http://es-us.puma.com/sddemandware/dedgesuite/aate_prd/on/demandware.static/Sites-US-Site/-/es_US/v1408726574936/js/compiled/app.js 64:20:0c:7c:8d:3c
http://demandware.edgesuite.net/aate_prd/on/demandware.static/Sites-US-Site/Sites-pu-na/es_US/v1408726574936/nav-sports-menu/balotelli.png 64:20:0c:7c:8d:3c
http://es-us.puma.com/sddemandware/dedgesuite/aate_prd/on/demandware.static/Sites-US-Site/-/es_US/v1408726574936/js/compiled/puma.js 64:20:0c:7c:8d:3c
http://configuration.apple.com/configurations/pep/pipeline/pipeline3.html 64:20:0c:7c:8d:3c
http://tools.google.com/service/update2? d0:df:9a:86:23:83
http://notify2.dropbox.com/subscribe? d0:df:9a:86:23:83
http://notify2.dropbox.com/subscribe? d0:df:9a:86:23:83
http://tools.google.com/service/update2? d0:df:9a:86:23:83
http://739-events.olark.com/nrpc/p? d0:df:9a:86:23:83
http://tools.google.com/service/update2? d0:df:9a:86:23:83
http://739-events.olark.com/nrpc/p? d0:df:9a:86:23:83
http://tools.google.com/service/update2? d0:df:9a:86:23:83
http://tools.google.com/service/update2? d0:df:9a:86:23:83
http://log.olark.com/jslog/log.js? d0:df:9a:86:23:83
http://tools.google.com/service/update2? d0:df:9a:86:23:83
http://notify2.dropbox.com/subscribe? d0:df:9a:86:23:83
http://notify2.dropbox.com/subscribe? d0:df:9a:86:23:83
http://739-events.olark.com/nrpc/p? d0:df:9a:86:23:83
http://pan-de-nata.recetascomidas.com/ 64:20:0c:7c:8d:3c
http://puma.com/ 64:20:0c:7c:8d:3c
http://www.puma.com/ 64:20:0c:7c:8d:3c
http://es.brand.puma.com/ 64:20:0c:7c:8d:3c
http://www.adidas.mx/ 64:20:0c:7c:8d:3c
http://www.res-x.com/ws/r2/Resonance.aspx? 64:20:0c:7c:8d:3c
http://googleads.g.doubleclick.net/pagead/viewthroughconversion/996866752/? 64:20:0c:7c:8d:3c
http://www.nanocode.mx/ 64:20:0c:7c:8d:3c
http://configuration.apple.com/configurations/pep/pipeline/pipeline0.html 64:20:0c:7c:8d:3c
http://configuration.apple.com/configurations/pep/pipeline/pipeline1.html 64:20:0c:7c:8d:3c
http://configuration.apple.com/configurations/pep/pipeline/pipeline2.html 64:20:0c:7c:8d:3c
http://configuration.apple.com/configurations/pep/pipeline/pipeline3.html 64:20:0c:7c:8d:3c
http://es.wikipedia.org/wiki/Velocidad 64:20:0c:7c:8d:3c
http://es.m.wikipedia.org/wiki/Velocidad 64:20:0c:7c:8d:3c
http://bits.wikimedia.org/es.wikipedia.org/load.php? 64:20:0c:7c:8d:3c
http://bits.wikimedia.org/es.wikipedia.org/load.php? 64:20:0c:7c:8d:3c
http://upload.wikimedia.org/wikipedia/commons/thumb/d/da/Moglfm0405_velocidad.jpg/300px-Moglfm0405_velocidad.jpg 64:20:0c:7c:8d:3c
http://upload.wikimedia.org/math/1/e/3/1e3aa5b1c7681f7dd945f6c42a3140e7.png 64:20:0c:7c:8d:3c
http://upload.wikimedia.org/math/f/b/7/fb79ceb48067de78a3c1615e77a5ae7f.png 64:20:0c:7c:8d:3c
http://upload.wikimedia.org/math/8/6/1/86196e582380ea463dc235ec053272a0.png 64:20:0c:7c:8d:3c
http://upload.wikimedia.org/math/b/2/f/b2fcad3c21a311e2c92248d01d609da9.png 64:20:0c:7c:8d:3c
http://upload.wikimedia.org/math/d/f/d/dfdd90d786ef0048499540b0155959e2.png 64:20:0c:7c:8d:3c
http://upload.wikimedia.org/math/7/d/c/7dc34d5048ae68a23751d8854d3bced7.png 64:20:0c:7c:8d:3c
http://configuration.apple.com/configurations/pep/pipeline/pipeline0.html 64:20:0c:7c:8d:3c
http://upload.wikimedia.org/math/d/1/1/d11b02d2496069c6daadd761595967b5.png 64:20:0c:7c:8d:3c
http://upload.wikimedia.org/math/c/0/4/c047e8809f717679921eb4234ae8c81a.png 64:20:0c:7c:8d:3c
http://upload.wikimedia.org/math/4/e/c/4ec7b223a574a766deb4400d0a6ae15c.png 64:20:0c:7c:8d:3c
http://upload.wikimedia.org/math/f/b/5/fb52868cb02162836f05b9b993c3cbdb.png 64:20:0c:7c:8d:3c
http://upload.wikimedia.org/math/8/b/9/8b9ecf3214fc782e2e6393c434b636d9.png 64:20:0c:7c:8d:3c
http://configuration.apple.com/configurations/pep/pipeline/pipeline1.html 64:20:0c:7c:8d:3c
http://upload.wikimedia.org/math/0/b/e/0be8b3d3795e1cd0c31b081607f74ea5.png 64:20:0c:7c:8d:3c
http://upload.wikimedia.org/math/a/6/a/a6a9a2956709fe378235554755d11755.png 64:20:0c:7c:8d:3c
http://upload.wikimedia.org/math/8/9/0/890d7c13a6bd646deb0947d2c419cc66.png 64:20:0c:7c:8d:3c
http://upload.wikimedia.org/math/3/9/2/3928db056a5018538639b41df73f0e60.png 64:20:0c:7c:8d:3c
http://configuration.apple.com/configurations/pep/pipeline/pipeline2.html 64:20:0c:7c:8d:3c
http://upload.wikimedia.org/math/c/5/5/c550354376e1e4c8dc132005eebe44cf.png 64:20:0c:7c:8d:3c
http://upload.wikimedia.org/math/b/5/7/b5765bbb7261bee9f6989e152840ea43.png 64:20:0c:7c:8d:3c
http://upload.wikimedia.org/math/6/8/e/68e0064bb91bbde656eca66e946ad27b.png 64:20:0c:7c:8d:3c
http://upload.wikimedia.org/math/3/3/8/3386501fd85f46f6c8f0cb9c85342d6b.png 64:20:0c:7c:8d:3c
http://upload.wikimedia.org/math/e/c/2/ec20b83646cab59194cda5112aed5ae1.png 64:20:0c:7c:8d:3c
http://configuration.apple.com/configurations/pep/pipeline/pipeline3.html 64:20:0c:7c:8d:3c
http://upload.wikimedia.org/math/8/8/3/883afe1578736449530f2ef355ffaff2.png 64:20:0c:7c:8d:3c
http://upload.wikimedia.org/math/0/d/9/0d906380e929293fe0d04eda7b6f8dd8.png 64:20:0c:7c:8d:3c
http://upload.wikimedia.org/math/8/b/2/8b2d1c48ba8497b6caba3b3b3ac619ad.png 64:20:0c:7c:8d:3c
http://bits.wikimedia.org/es.wikipedia.org/load.php? 64:20:0c:7c:8d:3c
http://upload.wikimedia.org/math/8/1/5/815346dbc91083e457faf3355310efa7.png 64:20:0c:7c:8d:3c
http://upload.wikimedia.org/wikipedia/commons/thumb/1/13/Spanish_Wikiquote.SVG/12px-Spanish_Wikiquote.SVG.png 64:20:0c:7c:8d:3c
http://meta.wikimedia.org/wiki/Special:BannerRandom? 64:20:0c:7c:8d:3c
http://upload.wikimedia.org/wikipedia/commons/thumb/1/13/Spanish_Wikiquote.SVG/25px-Spanish_Wikiquote.SVG.png 64:20:0c:7c:8d:3c
http://upload.wikimedia.org/wikipedia/commons/thumb/0/06/Wiktionary-logo-es.png/40px-Wiktionary-logo-es.png 64:20:0c:7c:8d:3c
http://upload.wikimedia.org/wikipedia/commons/thumb/0/06/Wiktionary-logo-es.png/20px-Wiktionary-logo-es.png 64:20:0c:7c:8d:3c
http://bits.wikimedia.org/static-1.24wmf17/extensions/MobileFrontend/less/modules/toc/images/contents-ltr.svg? 64:20:0c:7c:8d:3c
http://upload.wikimedia.org/wikipedia/commons/d/da/Moglfm0405_velocidad.jpg 64:20:0c:7c:8d:3c
http://meta.m.wikimedia.org/wiki/Special:BannerRandom? 64:20:0c:7c:8d:3c
http://configuration.apple.com/configurations/pep/pipeline/pipeline0.html 64:20:0c:7c:8d:3c
http://meta.wikimedia.org/wiki/Special:RecordImpression? 64:20:0c:7c:8d:3c
http://configuration.apple.com/configurations/pep/pipeline/pipeline1.html 64:20:0c:7c:8d:3c
http://meta.m.wikimedia.org/wiki/Special:RecordImpression? 64:20:0c:7c:8d:3c
http://configuration.apple.com/configurations/pep/pipeline/pipeline2.html 64:20:0c:7c:8d:3c
http://configuration.apple.com/configurations/pep/pipeline/pipeline3.html 64:20:0c:7c:8d:3c
http://configuration.apple.com/configurations/pep/pipeline/pipeline0.html 64:20:0c:7c:8d:3c
http://configuration.apple.com/configurations/pep/pipeline/pipeline1.html 64:20:0c:7c:8d:3c
http://configuration.apple.com/configurations/pep/pipeline/pipeline2.html 64:20:0c:7c:8d:3c
http://configuration.apple.com/configurations/pep/pipeline/pipeline3.html 64:20:0c:7c:8d:3c
http://es.wikipedia.org/wiki/Pablo 64:20:0c:7c:8d:3c
http://es.m.wikipedia.org/wiki/Pablo 64:20:0c:7c:8d:3c
http://bits.wikimedia.org/es.wikipedia.org/load.php? 64:20:0c:7c:8d:3c
http://bits.wikimedia.org/es.wikipedia.org/load.php? 64:20:0c:7c:8d:3c
http://upload.wikimedia.org/wikipedia/commons/thumb/5/58/Commons-emblem-disambig-notice.svg/40px-Commons-emblem-disambig-notice.svg.png 64:20:0c:7c:8d:3c
http://configuration.apple.com/configurations/pep/pipeline/pipeline0.html 64:20:0c:7c:8d:3c
http://configuration.apple.com/configurations/pep/pipeline/pipeline1.html 64:20:0c:7c:8d:3c
http://configuration.apple.com/configurations/pep/pipeline/pipeline2.html 64:20:0c:7c:8d:3c
http://configuration.apple.com/configurations/pep/pipeline/pipeline3.html 64:20:0c:7c:8d:3c
http://meta.wikimedia.org/wiki/Special:BannerRandom? 64:20:0c:7c:8d:3c
http://upload.wikimedia.org/wikipedia/commons/thumb/5/58/Commons-emblem-disambig-notice.svg/80px-Commons-emblem-disambig-notice.svg.png 64:20:0c:7c:8d:3c
http://meta.m.wikimedia.org/wiki/Special:BannerRandom? 64:20:0c:7c:8d:3c
http://configuration.apple.com/configurations/pep/pipeline/pipeline0.html 64:20:0c:7c:8d:3c
http://configuration.apple.com/configurations/pep/pipeline/pipeline1.html 64:20:0c:7c:8d:3c
http://configuration.apple.com/configurations/pep/pipeline/pipeline2.html 64:20:0c:7c:8d:3c
http://configuration.apple.com/configurations/pep/pipeline/pipeline3.html 64:20:0c:7c:8d:3c
http://meta.wikimedia.org/wiki/Special:RecordImpression? 64:20:0c:7c:8d:3c
http://configuration.apple.com/configurations/pep/pipeline/pipeline0.html 64:20:0c:7c:8d:3c
http://configuration.apple.com/configurations/pep/pipeline/pipeline1.html 64:20:0c:7c:8d:3c
http://configuration.apple.com/configurations/pep/pipeline/pipeline2.html 64:20:0c:7c:8d:3c
http://configuration.apple.com/configurations/pep/pipeline/pipeline3.html 64:20:0c:7c:8d:3c
http://meta.m.wikimedia.org/wiki/Special:RecordImpression? 64:20:0c:7c:8d:3c
